#
# A fatal error has been detected by the Java Runtime Environment:
#
#  EXCEPTION_ACCESS_VIOLATION (0xc0000005) at pc=0x00007ffd5ca2feba, pid=10020, tid=1576
#
# JRE version: Java(TM) SE Runtime Environment (8.0_91-b15) (build 1.8.0_91-b15)
# Java VM: Java HotSpot(TM) 64-Bit Server VM (25.91-b15 mixed mode windows-amd64 compressed oops)
# Problematic frame:
# C  [ig9icd64.dll+0x2afeba]
#
# Failed to write core dump. Minidumps are not enabled by default on client versions of Windows
#
# If you would like to submit a bug report, please visit:
#   http://bugreport.java.com/bugreport/crash.jsp
# The crash happened outside the Java Virtual Machine in native code.
# See problematic frame for where to report the bug.
#

---------------  T H R E A D  ---------------

Current thread (0x0000000001470800):  JavaThread "main" [_thread_in_native, id=1576, stack(0x0000000001370000,0x0000000001470000)]

siginfo: ExceptionCode=0xc0000005, reading address 0x0000000000000020

Registers:
RAX=0x0000000000000000, RBX=0x0000000000000001, RCX=0x0000000019d302e0, RDX=0x0000000000000000
RSP=0x000000000146c320, RBP=0x000000000146c480, RSI=0x0000000000000000, RDI=0x0000000000000000
R8 =0x000000005edc6778, R9 =0x000000000146c608, R10=0x0000000000000000, R11=0x000000000146c7b0
R12=0x000000000000002c, R13=0x000000005e6d5c38, R14=0x0000000000000000, R15=0x000000005edabfa8
RIP=0x00007ffd5ca2feba, EFLAGS=0x0000000000010202

Top of Stack: (sp=0x000000000146c320)
0x000000000146c320:   0000000000000000 000000005eddbe70
0x000000000146c330:   000000005edc6878 0000000000000008
0x000000000146c340:   0000000000000000 00000000000000b0
0x000000000146c350:   000000000000000b 00007ffd8f175bd4
0x000000000146c360:   0000000000790101 a12f938e00000000
0x000000000146c370:   0000000000000000 00007ffd5cfcb4d4
0x000000000146c380:   0000000000000001 000000005edc6878
0x000000000146c390:   000000000146c480 000000005e5f7ba0
0x000000000146c3a0:   0000000000000000 0000000000000000
0x000000000146c3b0:   0000000000000003 0000000019d302e0
0x000000000146c3c0:   0000000000000002 000000000146c5c0
0x000000000146c3d0:   00000000000000a0 000000005e609470
0x000000000146c3e0:   000000005edc58f8 00007ffd5cd1506b
0x000000000146c3f0:   0000000000000002 00000000000000a0
0x000000000146c400:   000000005e606e38 00007ffd5cd902d6
0x000000000146c410:   00000000000000a0 00007ffd5c78e17b 

Instructions: (pc=0x00007ffd5ca2feba)
0x00007ffd5ca2fe9a:   6c 24 70 48 8b 74 24 78 48 83 c4 50 5f c3 cc cc
0x00007ffd5ca2feaa:   cc cc cc cc cc cc 48 89 6c 24 18 57 48 83 ec 50
0x00007ffd5ca2feba:   0f b6 42 20 49 8b e9 4c 8b d2 2c 02 48 8b f9 3c
0x00007ffd5ca2feca:   0e 77 20 41 0f b6 40 20 2c 02 3c 0e 77 15 49 8b 


Register to memory mapping:

RAX=0x0000000000000000 is an unknown value
RBX=0x0000000000000001 is an unknown value
RCX=0x0000000019d302e0 is an unknown value
RDX=0x0000000000000000 is an unknown value
RSP=0x000000000146c320 is pointing into the stack for thread: 0x0000000001470800
RBP=0x000000000146c480 is pointing into the stack for thread: 0x0000000001470800
RSI=0x0000000000000000 is an unknown value
RDI=0x0000000000000000 is an unknown value
R8 =0x000000005edc6778 is an unknown value
R9 =0x000000000146c608 is pointing into the stack for thread: 0x0000000001470800
R10=0x0000000000000000 is an unknown value
R11=0x000000000146c7b0 is pointing into the stack for thread: 0x0000000001470800
R12=0x000000000000002c is an unknown value
R13=0x000000005e6d5c38 is an unknown value
R14=0x0000000000000000 is an unknown value
R15=0x000000005edabfa8 is an unknown value


Stack: [0x0000000001370000,0x0000000001470000],  sp=0x000000000146c320,  free space=1008k
Native frames: (J=compiled Java code, j=interpreted, Vv=VM code, C=native code)
C  [ig9icd64.dll+0x2afeba]
C  [ig9icd64.dll+0x84b4d4]
C  [ig9icd64.dll+0x84dba3]
C  [ig9icd64.dll+0x8514c9]
C  [ig9icd64.dll+0x8514c9]
C  [ig9icd64.dll+0x84d0be]
C  [ig9icd64.dll+0x856f5a]
C  [ig9icd64.dll+0x847894]
C  [ig9icd64.dll+0x8467eb]
C  [ig9icd64.dll+0x81126e]
C  [ig9icd64.dll+0x846ef2]
C  [ig9icd64.dll+0x8467eb]
C  [ig9icd64.dll+0x7ca6ab]
C  [ig9icd64.dll+0x783ca7]
C  [ig9icd64.dll+0x727b8f]
C  [ig9icd64.dll+0x1829e7]
C  [ig9icd64.dll+0x183178]
C  [ig9icd64.dll+0x18333f]
C  0x0000000003417f54

Java frames: (J=compiled Java code, j=interpreted, Vv=VM code)
j  org.lwjgl.system.JNI.callIV(JI)V+0
j  org.lwjgl.opengl.GL20.glLinkProgram(I)V+9
j  de.sebastiankings.renderengine.shaders.ShaderProgram.<init>(Ljava/lang/String;Ljava/lang/String;)V+61
j  de.sebastiankings.renderengine.shaders.BillboardShaderProgram.<init>(Ljava/lang/String;Ljava/lang/String;)V+3
j  de.sebastiankings.renderengine.MainGameLoop.initShaderProgramms()V+28
j  de.sebastiankings.renderengine.MainGameLoop.main([Ljava/lang/String;)V+180
v  ~StubRoutines::call_stub

---------------  P R O C E S S  ---------------

Java Threads: ( => current thread )
  0x00000000174eb800 JavaThread "Service Thread" daemon [_thread_blocked, id=3868, stack(0x00000000191f0000,0x00000000192f0000)]
  0x00000000174bc000 JavaThread "C1 CompilerThread2" daemon [_thread_blocked, id=3648, stack(0x0000000018cf0000,0x0000000018df0000)]
  0x0000000017496000 JavaThread "C2 CompilerThread1" daemon [_thread_blocked, id=1456, stack(0x0000000018bf0000,0x0000000018cf0000)]
  0x000000001748c800 JavaThread "C2 CompilerThread0" daemon [_thread_blocked, id=1224, stack(0x0000000018af0000,0x0000000018bf0000)]
  0x000000001748b000 JavaThread "Attach Listener" daemon [_thread_blocked, id=6992, stack(0x00000000189f0000,0x0000000018af0000)]
  0x000000001748a800 JavaThread "Signal Dispatcher" daemon [_thread_blocked, id=9712, stack(0x00000000188f0000,0x00000000189f0000)]
  0x000000001747a800 JavaThread "Finalizer" daemon [_thread_blocked, id=6168, stack(0x00000000186e0000,0x00000000187e0000)]
  0x0000000017459000 JavaThread "Reference Handler" daemon [_thread_blocked, id=3540, stack(0x00000000185e0000,0x00000000186e0000)]
=>0x0000000001470800 JavaThread "main" [_thread_in_native, id=1576, stack(0x0000000001370000,0x0000000001470000)]

Other Threads:
  0x0000000017457800 VMThread [stack: 0x00000000184e0000,0x00000000185e0000] [id=6496]
  0x0000000018e24000 WatcherThread [stack: 0x00000000192f0000,0x00000000193f0000] [id=8660]

VM state:not at safepoint (normal execution)

VM Mutex/Monitor currently owned by a thread: None

Heap:
 PSYoungGen      total 37888K, used 22340K [0x00000000d6000000, 0x00000000d8a00000, 0x0000000100000000)
  eden space 32768K, 68% used [0x00000000d6000000,0x00000000d75d1058,0x00000000d8000000)
  from space 5120K, 0% used [0x00000000d8500000,0x00000000d8500000,0x00000000d8a00000)
  to   space 5120K, 0% used [0x00000000d8000000,0x00000000d8000000,0x00000000d8500000)
 ParOldGen       total 86016K, used 0K [0x0000000082000000, 0x0000000087400000, 0x00000000d6000000)
  object space 86016K, 0% used [0x0000000082000000,0x0000000082000000,0x0000000087400000)
 Metaspace       used 8842K, capacity 8974K, committed 9088K, reserved 1056768K
  class space    used 758K, capacity 793K, committed 896K, reserved 1048576K

Card table byte_map: [0x0000000001930000,0x0000000001d30000] byte_map_base: 0x0000000001520000

Marking Bits: (ParMarkBitMap*) 0x000000006ae02f70
 Begin Bits: [0x0000000012800000, 0x0000000014780000)
 End Bits:   [0x0000000014780000, 0x0000000016700000)

Polling page: 0x0000000000bc0000

CodeCache: size=245760Kb used=2615Kb max_used=2633Kb free=243144Kb
 bounds [0x0000000003400000, 0x00000000036a0000, 0x0000000012400000]
 total_blobs=1231 nmethods=534 adapters=610
 compilation: enabled

Compilation events (10 events):
Event: 0.743 Thread 0x00000000174bc000  531       3       java.lang.AbstractStringBuilder::charAt (28 bytes)
Event: 0.743 Thread 0x00000000174bc000 nmethod 531 0x0000000003687190 code [0x0000000003687300, 0x0000000003687568]
Event: 0.743 Thread 0x00000000174bc000  532       3       java.lang.StringBuilder::length (5 bytes)
Event: 0.743 Thread 0x00000000174bc000 nmethod 532 0x000000000368a250 code [0x000000000368a3a0, 0x000000000368a510]
Event: 0.748 Thread 0x0000000017496000 nmethod 529 0x000000000368d6d0 code [0x000000000368d840, 0x000000000368dd68]
Event: 0.748 Thread 0x0000000017496000  533       4       java.lang.StringBuilder::charAt (6 bytes)
Event: 0.749 Thread 0x0000000017496000 nmethod 533 0x000000000368a6d0 code [0x000000000368a820, 0x000000000368a8f8]
Event: 0.758 Thread 0x000000001748c800 nmethod 469 0x0000000003691690 code [0x00000000036918c0, 0x00000000036936d8]
Event: 0.764 Thread 0x0000000017496000  534       4       java.lang.StringBuilder::length (5 bytes)
Event: 0.764 Thread 0x0000000017496000 nmethod 534 0x0000000003686f90 code [0x00000000036870c0, 0x0000000003687118]

GC Heap History (0 events):
No events

Deoptimization events (0 events):
No events

Internal exceptions (10 events):
Event: 0.126 Thread 0x0000000001470800 Exception <a 'java/lang/ArrayIndexOutOfBoundsException': 22> (0x00000000d6256c58) thrown at [C:\re\workspace\8-2-build-windows-amd64-cygwin\jdk8u91\7017\hotspot\src\share\vm\interpreter\interpreterRuntime.cpp, line 366]
Event: 0.127 Thread 0x0000000001470800 Exception <a 'java/lang/ArrayIndexOutOfBoundsException': 160> (0x00000000d62590a8) thrown at [C:\re\workspace\8-2-build-windows-amd64-cygwin\jdk8u91\7017\hotspot\src\share\vm\interpreter\interpreterRuntime.cpp, line 366]
Event: 0.129 Thread 0x0000000001470800 Exception <a 'java/lang/ClassNotFoundException': org/apache/log4j/LayoutCustomizer> (0x00000000d625ebc0) thrown at [C:\re\workspace\8-2-build-windows-amd64-cygwin\jdk8u91\7017\hotspot\src\share\vm\classfile\systemDictionary.cpp, line 210]
Event: 0.130 Thread 0x0000000001470800 Exception <a 'java/lang/ClassNotFoundException': org/apache/log4j/PatternLayoutCustomizer> (0x00000000d6270dd0) thrown at [C:\re\workspace\8-2-build-windows-amd64-cygwin\jdk8u91\7017\hotspot\src\share\vm\classfile\systemDictionary.cpp, line 210]
Event: 0.152 Thread 0x0000000001470800 Exception <a 'java/lang/ClassNotFoundException': org/apache/log4j/ConsoleAppenderBeanInfo> (0x00000000d62e2560) thrown at [C:\re\workspace\8-2-build-windows-amd64-cygwin\jdk8u91\7017\hotspot\src\share\vm\classfile\systemDictionary.cpp, line 210]
Event: 0.152 Thread 0x0000000001470800 Exception <a 'java/lang/ClassNotFoundException': org/apache/log4j/WriterAppenderBeanInfo> (0x00000000d62e5d68) thrown at [C:\re\workspace\8-2-build-windows-amd64-cygwin\jdk8u91\7017\hotspot\src\share\vm\classfile\systemDictionary.cpp, line 210]
Event: 0.153 Thread 0x0000000001470800 Exception <a 'java/lang/ClassNotFoundException': org/apache/log4j/AppenderSkeletonBeanInfo> (0x00000000d62e9830) thrown at [C:\re\workspace\8-2-build-windows-amd64-cygwin\jdk8u91\7017\hotspot\src\share\vm\classfile\systemDictionary.cpp, line 210]
Event: 0.153 Thread 0x0000000001470800 Exception <a 'java/lang/ClassNotFoundException': org/apache/log4j/AppenderSkeletonCustomizer> (0x00000000d62ed1a8) thrown at [C:\re\workspace\8-2-build-windows-amd64-cygwin\jdk8u91\7017\hotspot\src\share\vm\classfile\systemDictionary.cpp, line 210]
Event: 0.155 Thread 0x0000000001470800 Exception <a 'java/lang/ClassNotFoundException': org/apache/log4j/WriterAppenderCustomizer> (0x00000000d6303518) thrown at [C:\re\workspace\8-2-build-windows-amd64-cygwin\jdk8u91\7017\hotspot\src\share\vm\classfile\systemDictionary.cpp, line 210]
Event: 0.156 Thread 0x0000000001470800 Exception <a 'java/lang/ClassNotFoundException': org/apache/log4j/ConsoleAppenderCustomizer> (0x00000000d6313498) thrown at [C:\re\workspace\8-2-build-windows-amd64-cygwin\jdk8u91\7017\hotspot\src\share\vm\classfile\systemDictionary.cpp, line 210]

Events (10 events):
Event: 0.740 loading class de/sebastiankings/renderengine/entities/Camera
Event: 0.740 loading class de/sebastiankings/renderengine/entities/Camera done
Event: 0.741 loading class de/sebastiankings/renderengine/shaders/EntityShaderProgram
Event: 0.741 loading class de/sebastiankings/renderengine/shaders/EntityShaderProgram done
Event: 0.742 loading class de/sebastiankings/renderengine/shaders/ShaderProgram
Event: 0.742 loading class de/sebastiankings/renderengine/shaders/ShaderProgram done
Event: 0.742 Thread 0x0000000001470800 DEOPT PACKING pc=0x000000000365f5e6 sp=0x000000000146efc0
Event: 0.742 Thread 0x0000000001470800 DEOPT UNPACKING pc=0x000000000344787f sp=0x000000000146edc0 mode 0
Event: 0.762 loading class de/sebastiankings/renderengine/shaders/BillboardShaderProgram
Event: 0.762 loading class de/sebastiankings/renderengine/shaders/BillboardShaderProgram done


Dynamic libraries:
0x00007ff698cf0000 - 0x00007ff698d27000 	C:\Program Files\Java\jre1.8.0_91\bin\javaw.exe
0x00007ffd8f150000 - 0x00007ffd8f311000 	C:\Windows\SYSTEM32\ntdll.dll
0x00007ffd8edc0000 - 0x00007ffd8ee6d000 	C:\Windows\system32\KERNEL32.DLL
0x00007ffd8ba40000 - 0x00007ffd8bc28000 	C:\Windows\system32\KERNELBASE.dll
0x00007ffd8d080000 - 0x00007ffd8d127000 	C:\Windows\system32\ADVAPI32.dll
0x00007ffd8c6b0000 - 0x00007ffd8c74d000 	C:\Windows\system32\msvcrt.dll
0x00007ffd8ec40000 - 0x00007ffd8ec9b000 	C:\Windows\system32\sechost.dll
0x00007ffd8eca0000 - 0x00007ffd8edbc000 	C:\Windows\system32\RPCRT4.dll
0x00007ffd8c550000 - 0x00007ffd8c6a6000 	C:\Windows\system32\USER32.dll
0x00007ffd8ef80000 - 0x00007ffd8f106000 	C:\Windows\system32\GDI32.dll
0x00007ffd855c0000 - 0x00007ffd85834000 	C:\Windows\WinSxS\amd64_microsoft.windows.common-controls_6595b64144ccf1df_6.0.10586.494_none_a2d8b04ea53e3145\COMCTL32.dll
0x00007ffd8d130000 - 0x00007ffd8d3ad000 	C:\Windows\system32\combase.dll
0x00007ffd8c310000 - 0x00007ffd8c37a000 	C:\Windows\system32\bcryptPrimitives.dll
0x00007ffd8f110000 - 0x00007ffd8f14b000 	C:\Windows\system32\IMM32.DLL
0x000000006a360000 - 0x000000006a432000 	C:\Program Files\Java\jre1.8.0_91\bin\msvcr100.dll
0x000000006a5f0000 - 0x000000006ae83000 	C:\Program Files\Java\jre1.8.0_91\bin\server\jvm.dll
0x00007ffd8cfa0000 - 0x00007ffd8cfa8000 	C:\Windows\system32\PSAPI.DLL
0x00007ffd88410000 - 0x00007ffd88419000 	C:\Windows\SYSTEM32\WSOCK32.dll
0x00007ffd897c0000 - 0x00007ffd897e3000 	C:\Windows\SYSTEM32\WINMM.dll
0x00007ffd85a00000 - 0x00007ffd85a0a000 	C:\Windows\SYSTEM32\VERSION.dll
0x00007ffd8ebd0000 - 0x00007ffd8ec3b000 	C:\Windows\system32\WS2_32.dll
0x0000000000ef0000 - 0x0000000000f1c000 	C:\Windows\SYSTEM32\WINMMBASE.dll
0x00007ffd8b9d0000 - 0x00007ffd8ba13000 	C:\Windows\system32\cfgmgr32.dll
0x000000006a500000 - 0x000000006a50f000 	C:\Program Files\Java\jre1.8.0_91\bin\verify.dll
0x000000006a4d0000 - 0x000000006a4f9000 	C:\Program Files\Java\jre1.8.0_91\bin\java.dll
0x000000006a4b0000 - 0x000000006a4c6000 	C:\Program Files\Java\jre1.8.0_91\bin\zip.dll
0x00007ffd8d670000 - 0x00007ffd8ebcc000 	C:\Windows\system32\SHELL32.dll
0x00007ffd8bcc0000 - 0x00007ffd8c305000 	C:\Windows\system32\windows.storage.dll
0x00007ffd8cbf0000 - 0x00007ffd8cc42000 	C:\Windows\system32\shlwapi.dll
0x00007ffd8b7f0000 - 0x00007ffd8b7ff000 	C:\Windows\system32\kernel.appcore.dll
0x00007ffd8b910000 - 0x00007ffd8b9c5000 	C:\Windows\system32\shcore.dll
0x00007ffd8b7a0000 - 0x00007ffd8b7eb000 	C:\Windows\system32\powrprof.dll
0x00007ffd8b770000 - 0x00007ffd8b784000 	C:\Windows\system32\profapi.dll
0x00007ffd76160000 - 0x00007ffd761e9000 	C:\Users\klein\Desktop\CGA2Billboards\CGA2JavaBillboards\libs\LWJGL\native\lwjgl.dll
0x00007ffd8b210000 - 0x00007ffd8b21b000 	C:\Windows\SYSTEM32\CRYPTBASE.DLL
0x00007ffd76110000 - 0x00007ffd76151000 	C:\Users\klein\Desktop\CGA2Billboards\CGA2JavaBillboards\libs\LWJGL\native\jemalloc.dll
0x00007ffd76730000 - 0x00007ffd76768000 	C:\Users\klein\Desktop\CGA2Billboards\CGA2JavaBillboards\libs\LWJGL\native\glfw.dll
0x00007ffd89fa0000 - 0x00007ffd8a036000 	C:\Windows\system32\uxtheme.dll
0x00007ffd893f0000 - 0x00007ffd89412000 	C:\Windows\SYSTEM32\dwmapi.dll
0x00007ffd79020000 - 0x00007ffd79149000 	C:\Windows\SYSTEM32\opengl32.dll
0x00007ffd7ed70000 - 0x00007ffd7ed9e000 	C:\Windows\SYSTEM32\GLU32.dll
0x00007ffd784e0000 - 0x00007ffd785da000 	C:\Windows\SYSTEM32\DDRAW.dll
0x00007ffd82df0000 - 0x00007ffd82df8000 	C:\Windows\SYSTEM32\DCIMAN32.dll
0x00007ffd8ce40000 - 0x00007ffd8cf9a000 	C:\Windows\system32\MSCTF.dll
0x00007ffd5c780000 - 0x00007ffd5d475000 	C:\Windows\SYSTEM32\ig9icd64.dll
0x00007ffd85f00000 - 0x00007ffd86d72000 	C:\Windows\SYSTEM32\igc64.dll
0x00007ffd895c0000 - 0x00007ffd895d3000 	C:\Windows\SYSTEM32\WTSAPI32.dll
0x00007ffd87430000 - 0x00007ffd875bc000 	C:\Windows\SYSTEM32\dbghelp.dll

VM Arguments:
jvm_args: -Djava.library.path=C:\Users\klein\Desktop\CGA2Billboards\CGA2JavaBillboards\libs\LWJGL\native -Dfile.encoding=Cp1252 
java_command: de.sebastiankings.renderengine.MainGameLoop
java_class_path (initial): C:\Users\klein\Desktop\CGA2Billboards\CGA2JavaBillboards\bin;C:\Users\klein\Desktop\CGA2Billboards\CGA2JavaBillboards\libs\JOML\joml-1.6.1-20150920.093049-3.jar;C:\Users\klein\Desktop\CGA2Billboards\CGA2JavaBillboards\libs\log4j\log4j-1.2.17.jar;C:\Users\klein\Desktop\CGA2Billboards\CGA2JavaBillboards\libs\LWJGL\jar\lwjgl.jar;C:\Users\klein\Desktop\CGA2Billboards\CGA2JavaBillboards\libs\PNGDecoder\PNGDecoder.jar
Launcher Type: SUN_STANDARD

Environment Variables:
PATH=C:/Program Files/Java/jre1.8.0_91/bin/server;C:/Program Files/Java/jre1.8.0_91/bin;C:/Program Files/Java/jre1.8.0_91/lib/amd64;C:\ProgramData\Oracle\Java\javapath;C:\Program Files (x86)\Intel\iCLS Client\;C:\Program Files\Intel\iCLS Client\;C:\Windows\system32;C:\Windows;C:\Windows\System32\Wbem;C:\Windows\System32\WindowsPowerShell\v1.0\;C:\Program Files (x86)\Intel\Intel(R) Management Engine Components\DAL;C:\Program Files\Intel\Intel(R) Management Engine Components\DAL;C:\Program Files (x86)\Intel\Intel(R) Management Engine Components\IPT;C:\Program Files\Intel\Intel(R) Management Engine Components\IPT;C:\Program Files (x86)\NVIDIA Corporation\PhysX\Common;C:\Program Files\Git\cmd;C:\Users\klein\Desktop;
USERNAME=klein
OS=Windows_NT
PROCESSOR_IDENTIFIER=Intel64 Family 6 Model 78 Stepping 3, GenuineIntel



---------------  S Y S T E M  ---------------

OS: Windows 10.0 , 64 bit Build 10586 (10.0.10586.0)

CPU:total 4 (2 cores per cpu, 2 threads per core) family 6 model 78 stepping 3, cmov, cx8, fxsr, mmx, sse, sse2, sse3, ssse3, sse4.1, sse4.2, popcnt, avx, avx2, aes, clmul, erms, 3dnowpref, lzcnt, ht, tsc, tscinvbit, bmi1, bmi2, adx

Memory: 4k page, physical 8249472k(5178624k free), swap 10215552k(6764204k free)

vm_info: Java HotSpot(TM) 64-Bit Server VM (25.91-b15) for windows-amd64 JRE (1.8.0_91-b15), built on May 20 2016 17:43:15 by "java_re" with MS VC++ 10.0 (VS2010)

time: Mon Jul 18 22:42:55 2016
elapsed time: 0 seconds (0d 0h 0m 0s)

