#
# A fatal error has been detected by the Java Runtime Environment:
#
#  EXCEPTION_ACCESS_VIOLATION (0xc0000005) at pc=0x00007ffd4ec8feba, pid=5580, tid=4300
#
# JRE version: Java(TM) SE Runtime Environment (8.0_91-b15) (build 1.8.0_91-b15)
# Java VM: Java HotSpot(TM) 64-Bit Server VM (25.91-b15 mixed mode windows-amd64 compressed oops)
# Problematic frame:
# C  [ig9icd64.dll+0x2afeba]
#
# Failed to write core dump. Minidumps are not enabled by default on client versions of Windows
#
# If you would like to submit a bug report, please visit:
#   http://bugreport.java.com/bugreport/crash.jsp
# The crash happened outside the Java Virtual Machine in native code.
# See problematic frame for where to report the bug.
#

---------------  T H R E A D  ---------------

Current thread (0x00000000013a0800):  JavaThread "main" [_thread_in_native, id=4300, stack(0x0000000001200000,0x0000000001300000)]

siginfo: ExceptionCode=0xc0000005, reading address 0x00000000000000b2

Registers:
RAX=0x0000000000000000, RBX=0x0000000000000001, RCX=0x000000005e889910, RDX=0x0000000000000092
RSP=0x00000000012fbff0, RBP=0x00000000012fc150, RSI=0x0000000000000092, RDI=0x0000000000000000
R8 =0x000000005e88dfa8, R9 =0x00000000012fc2d8, R10=0x0000000000000000, R11=0x00000000012fc480
R12=0x000000000000002c, R13=0x000000005e6af3f0, R14=0x0000000000000000, R15=0x000000005e5be218
RIP=0x00007ffd4ec8feba, EFLAGS=0x0000000000010206

Top of Stack: (sp=0x00000000012fbff0)
0x00000000012fbff0:   0000000000000000 000000005e92b340
0x00000000012fc000:   000000005e87f4c0 ffffffffffffffff
0x00000000012fc010:   0000000000000000 0000000000000001
0x00000000012fc020:   0000000000000001 00000000030000ff
0x00000000012fc030:   0000000000c10101 00000000012fc200
0x00000000012fc040:   0000000000000000 00007ffd4f22b4d4
0x00000000012fc050:   0000000000000001 000000005e87f4c0
0x00000000012fc060:   00000000012fc150 0000000200000001
0x00000000012fc070:   0000000000000000 000000005e803a60
0x00000000012fc080:   0000000000000000 000000005e889910
0x00000000012fc090:   0000000000000003 00000000012fc290
0x00000000012fc0a0:   000000005e633050 00007ffd4f1fffd2
0x00000000012fc0b0:   000000005e88d7a8 00007ffd4ef7506b
0x00000000012fc0c0:   fffffffffffffffe 00000000000000a0
0x00000000012fc0d0:   0000000300001406 0000000100000001
0x00000000012fc0e0:   0000000000000001 0000000001000000 

Instructions: (pc=0x00007ffd4ec8feba)
0x00007ffd4ec8fe9a:   6c 24 70 48 8b 74 24 78 48 83 c4 50 5f c3 cc cc
0x00007ffd4ec8feaa:   cc cc cc cc cc cc 48 89 6c 24 18 57 48 83 ec 50
0x00007ffd4ec8feba:   0f b6 42 20 49 8b e9 4c 8b d2 2c 02 48 8b f9 3c
0x00007ffd4ec8feca:   0e 77 20 41 0f b6 40 20 2c 02 3c 0e 77 15 49 8b 


Register to memory mapping:

RAX=0x0000000000000000 is an unknown value
RBX=0x0000000000000001 is an unknown value
RCX=0x000000005e889910 is an unknown value
RDX=0x0000000000000092 is an unknown value
RSP=0x00000000012fbff0 is pointing into the stack for thread: 0x00000000013a0800
RBP=0x00000000012fc150 is pointing into the stack for thread: 0x00000000013a0800
RSI=0x0000000000000092 is an unknown value
RDI=0x0000000000000000 is an unknown value
R8 =0x000000005e88dfa8 is an unknown value
R9 =0x00000000012fc2d8 is pointing into the stack for thread: 0x00000000013a0800
R10=0x0000000000000000 is an unknown value
R11=0x00000000012fc480 is pointing into the stack for thread: 0x00000000013a0800
R12=0x000000000000002c is an unknown value
R13=0x000000005e6af3f0 is an unknown value
R14=0x0000000000000000 is an unknown value
R15=0x000000005e5be218 is an unknown value


Stack: [0x0000000001200000,0x0000000001300000],  sp=0x00000000012fbff0,  free space=1007k
Native frames: (J=compiled Java code, j=interpreted, Vv=VM code, C=native code)
C  [ig9icd64.dll+0x2afeba]
C  [ig9icd64.dll+0x84b4d4]
C  [ig9icd64.dll+0x84dba3]
C  [ig9icd64.dll+0x84daf9]
C  [ig9icd64.dll+0x84d0be]
C  [ig9icd64.dll+0x856f5a]
C  [ig9icd64.dll+0x847894]
C  [ig9icd64.dll+0x8467eb]
C  [ig9icd64.dll+0x81126e]
C  [ig9icd64.dll+0x846ef2]
C  [ig9icd64.dll+0x8467eb]
C  [ig9icd64.dll+0x7ca6ab]
C  [ig9icd64.dll+0x783ca7]
C  [ig9icd64.dll+0x727b8f]
C  [ig9icd64.dll+0x1829e7]
C  [ig9icd64.dll+0x183178]
C  [ig9icd64.dll+0x18333f]
C  0x0000000003417f54

Java frames: (J=compiled Java code, j=interpreted, Vv=VM code)
j  org.lwjgl.system.JNI.callIV(JI)V+0
j  org.lwjgl.opengl.GL20.glLinkProgram(I)V+9
j  de.sebastiankings.renderengine.shaders.ShaderProgram.<init>(Ljava/lang/String;Ljava/lang/String;)V+61
j  de.sebastiankings.renderengine.shaders.BillboardShaderProgram.<init>(Ljava/lang/String;Ljava/lang/String;)V+3
j  de.sebastiankings.renderengine.MainGameLoop.initShaderProgramms()V+28
j  de.sebastiankings.renderengine.MainGameLoop.main([Ljava/lang/String;)V+177
v  ~StubRoutines::call_stub

---------------  P R O C E S S  ---------------

Java Threads: ( => current thread )
  0x0000000018e18800 JavaThread "Service Thread" daemon [_thread_blocked, id=5488, stack(0x00000000191f0000,0x00000000192f0000)]
  0x0000000017499000 JavaThread "C1 CompilerThread2" daemon [_thread_blocked, id=3104, stack(0x0000000018cf0000,0x0000000018df0000)]
  0x0000000017492000 JavaThread "C2 CompilerThread1" daemon [_thread_blocked, id=10816, stack(0x0000000018bf0000,0x0000000018cf0000)]
  0x000000001748d800 JavaThread "C2 CompilerThread0" daemon [_thread_blocked, id=11212, stack(0x0000000018af0000,0x0000000018bf0000)]
  0x000000001748c800 JavaThread "Attach Listener" daemon [_thread_blocked, id=8208, stack(0x00000000189f0000,0x0000000018af0000)]
  0x000000001748b800 JavaThread "Signal Dispatcher" daemon [_thread_blocked, id=1760, stack(0x00000000188f0000,0x00000000189f0000)]
  0x000000001747a000 JavaThread "Finalizer" daemon [_thread_blocked, id=7348, stack(0x00000000186e0000,0x00000000187e0000)]
  0x0000000017458800 JavaThread "Reference Handler" daemon [_thread_blocked, id=2848, stack(0x00000000185e0000,0x00000000186e0000)]
=>0x00000000013a0800 JavaThread "main" [_thread_in_native, id=4300, stack(0x0000000001200000,0x0000000001300000)]

Other Threads:
  0x0000000017457800 VMThread [stack: 0x00000000184e0000,0x00000000185e0000] [id=3376]
  0x0000000018e2a000 WatcherThread [stack: 0x00000000192f0000,0x00000000193f0000] [id=3644]

VM state:not at safepoint (normal execution)

VM Mutex/Monitor currently owned by a thread: None

Heap:
 PSYoungGen      total 37888K, used 22339K [0x00000000d6000000, 0x00000000d8a00000, 0x0000000100000000)
  eden space 32768K, 68% used [0x00000000d6000000,0x00000000d75d0f78,0x00000000d8000000)
  from space 5120K, 0% used [0x00000000d8500000,0x00000000d8500000,0x00000000d8a00000)
  to   space 5120K, 0% used [0x00000000d8000000,0x00000000d8000000,0x00000000d8500000)
 ParOldGen       total 86016K, used 0K [0x0000000082000000, 0x0000000087400000, 0x00000000d6000000)
  object space 86016K, 0% used [0x0000000082000000,0x0000000082000000,0x0000000087400000)
 Metaspace       used 8839K, capacity 8986K, committed 9344K, reserved 1058816K
  class space    used 758K, capacity 793K, committed 896K, reserved 1048576K

Card table byte_map: [0x0000000001860000,0x0000000001c60000] byte_map_base: 0x0000000001450000

Marking Bits: (ParMarkBitMap*) 0x000000006ac12f70
 Begin Bits: [0x0000000012800000, 0x0000000014780000)
 End Bits:   [0x0000000014780000, 0x0000000016700000)

Polling page: 0x0000000000ea0000

CodeCache: size=245760Kb used=2613Kb max_used=2631Kb free=243146Kb
 bounds [0x0000000003400000, 0x00000000036a0000, 0x0000000012400000]
 total_blobs=1232 nmethods=535 adapters=610
 compilation: enabled

Compilation events (10 events):
Event: 0.734 Thread 0x0000000017499000 nmethod 531 0x0000000003688850 code [0x00000000036889c0, 0x0000000003688ca8]
Event: 0.734 Thread 0x0000000017499000  532       3       java.lang.AbstractStringBuilder::charAt (28 bytes)
Event: 0.734 Thread 0x0000000017499000 nmethod 532 0x0000000003688350 code [0x00000000036884c0, 0x0000000003688728]
Event: 0.734 Thread 0x0000000017499000  533       3       java.lang.StringBuilder::length (5 bytes)
Event: 0.734 Thread 0x0000000017499000 nmethod 533 0x0000000003688010 code [0x0000000003688160, 0x00000000036882d0]
Event: 0.736 Thread 0x0000000017492000  534       4       java.lang.StringBuilder::charAt (6 bytes)
Event: 0.736 Thread 0x0000000017492000 nmethod 534 0x0000000003687cd0 code [0x0000000003687e20, 0x0000000003687ef8]
Event: 0.746 Thread 0x000000001748d800 nmethod 477 0x0000000003691ed0 code [0x0000000003692100, 0x0000000003693f18]
Event: 0.753 Thread 0x0000000017492000  535       4       java.lang.StringBuilder::length (5 bytes)
Event: 0.753 Thread 0x0000000017492000 nmethod 535 0x0000000003687ad0 code [0x0000000003687c00, 0x0000000003687c58]

GC Heap History (0 events):
No events

Deoptimization events (0 events):
No events

Internal exceptions (10 events):
Event: 0.121 Thread 0x00000000013a0800 Exception <a 'java/lang/ArrayIndexOutOfBoundsException': 22> (0x00000000d6256b20) thrown at [C:\re\workspace\8-2-build-windows-amd64-cygwin\jdk8u91\7017\hotspot\src\share\vm\interpreter\interpreterRuntime.cpp, line 366]
Event: 0.121 Thread 0x00000000013a0800 Exception <a 'java/lang/ArrayIndexOutOfBoundsException': 160> (0x00000000d6258f70) thrown at [C:\re\workspace\8-2-build-windows-amd64-cygwin\jdk8u91\7017\hotspot\src\share\vm\interpreter\interpreterRuntime.cpp, line 366]
Event: 0.123 Thread 0x00000000013a0800 Exception <a 'java/lang/ClassNotFoundException': org/apache/log4j/LayoutCustomizer> (0x00000000d625ea88) thrown at [C:\re\workspace\8-2-build-windows-amd64-cygwin\jdk8u91\7017\hotspot\src\share\vm\classfile\systemDictionary.cpp, line 210]
Event: 0.124 Thread 0x00000000013a0800 Exception <a 'java/lang/ClassNotFoundException': org/apache/log4j/PatternLayoutCustomizer> (0x00000000d6270c98) thrown at [C:\re\workspace\8-2-build-windows-amd64-cygwin\jdk8u91\7017\hotspot\src\share\vm\classfile\systemDictionary.cpp, line 210]
Event: 0.145 Thread 0x00000000013a0800 Exception <a 'java/lang/ClassNotFoundException': org/apache/log4j/ConsoleAppenderBeanInfo> (0x00000000d62e24c0) thrown at [C:\re\workspace\8-2-build-windows-amd64-cygwin\jdk8u91\7017\hotspot\src\share\vm\classfile\systemDictionary.cpp, line 210]
Event: 0.145 Thread 0x00000000013a0800 Exception <a 'java/lang/ClassNotFoundException': org/apache/log4j/WriterAppenderBeanInfo> (0x00000000d62e5cc8) thrown at [C:\re\workspace\8-2-build-windows-amd64-cygwin\jdk8u91\7017\hotspot\src\share\vm\classfile\systemDictionary.cpp, line 210]
Event: 0.146 Thread 0x00000000013a0800 Exception <a 'java/lang/ClassNotFoundException': org/apache/log4j/AppenderSkeletonBeanInfo> (0x00000000d62e9790) thrown at [C:\re\workspace\8-2-build-windows-amd64-cygwin\jdk8u91\7017\hotspot\src\share\vm\classfile\systemDictionary.cpp, line 210]
Event: 0.146 Thread 0x00000000013a0800 Exception <a 'java/lang/ClassNotFoundException': org/apache/log4j/AppenderSkeletonCustomizer> (0x00000000d62ed108) thrown at [C:\re\workspace\8-2-build-windows-amd64-cygwin\jdk8u91\7017\hotspot\src\share\vm\classfile\systemDictionary.cpp, line 210]
Event: 0.147 Thread 0x00000000013a0800 Exception <a 'java/lang/ClassNotFoundException': org/apache/log4j/WriterAppenderCustomizer> (0x00000000d6303478) thrown at [C:\re\workspace\8-2-build-windows-amd64-cygwin\jdk8u91\7017\hotspot\src\share\vm\classfile\systemDictionary.cpp, line 210]
Event: 0.148 Thread 0x00000000013a0800 Exception <a 'java/lang/ClassNotFoundException': org/apache/log4j/ConsoleAppenderCustomizer> (0x00000000d63133f8) thrown at [C:\re\workspace\8-2-build-windows-amd64-cygwin\jdk8u91\7017\hotspot\src\share\vm\classfile\systemDictionary.cpp, line 210]

Events (10 events):
Event: 0.732 loading class de/sebastiankings/renderengine/bo/Szene
Event: 0.732 loading class de/sebastiankings/renderengine/bo/Szene done
Event: 0.732 loading class de/sebastiankings/renderengine/entities/Camera
Event: 0.732 loading class de/sebastiankings/renderengine/entities/Camera done
Event: 0.733 loading class de/sebastiankings/renderengine/shaders/EntityShaderProgram
Event: 0.733 loading class de/sebastiankings/renderengine/shaders/EntityShaderProgram done
Event: 0.733 loading class de/sebastiankings/renderengine/shaders/ShaderProgram
Event: 0.733 loading class de/sebastiankings/renderengine/shaders/ShaderProgram done
Event: 0.751 loading class de/sebastiankings/renderengine/shaders/BillboardShaderProgram
Event: 0.751 loading class de/sebastiankings/renderengine/shaders/BillboardShaderProgram done


Dynamic libraries:
0x00007ff635ae0000 - 0x00007ff635b17000 	C:\Program Files\Java\jre1.8.0_91\bin\javaw.exe
0x00007ffd8f150000 - 0x00007ffd8f311000 	C:\Windows\SYSTEM32\ntdll.dll
0x00007ffd8edc0000 - 0x00007ffd8ee6d000 	C:\Windows\system32\KERNEL32.DLL
0x00007ffd8ba40000 - 0x00007ffd8bc28000 	C:\Windows\system32\KERNELBASE.dll
0x00007ffd8d080000 - 0x00007ffd8d127000 	C:\Windows\system32\ADVAPI32.dll
0x00007ffd8c6b0000 - 0x00007ffd8c74d000 	C:\Windows\system32\msvcrt.dll
0x00007ffd8ec40000 - 0x00007ffd8ec9b000 	C:\Windows\system32\sechost.dll
0x00007ffd8eca0000 - 0x00007ffd8edbc000 	C:\Windows\system32\RPCRT4.dll
0x00007ffd8c550000 - 0x00007ffd8c6a6000 	C:\Windows\system32\USER32.dll
0x00007ffd8ef80000 - 0x00007ffd8f106000 	C:\Windows\system32\GDI32.dll
0x00007ffd855c0000 - 0x00007ffd85834000 	C:\Windows\WinSxS\amd64_microsoft.windows.common-controls_6595b64144ccf1df_6.0.10586.494_none_a2d8b04ea53e3145\COMCTL32.dll
0x00007ffd8d130000 - 0x00007ffd8d3ad000 	C:\Windows\system32\combase.dll
0x00007ffd8c310000 - 0x00007ffd8c37a000 	C:\Windows\system32\bcryptPrimitives.dll
0x00007ffd8f110000 - 0x00007ffd8f14b000 	C:\Windows\system32\IMM32.DLL
0x000000006a150000 - 0x000000006a222000 	C:\Program Files\Java\jre1.8.0_91\bin\msvcr100.dll
0x000000006a400000 - 0x000000006ac93000 	C:\Program Files\Java\jre1.8.0_91\bin\server\jvm.dll
0x00007ffd8cfa0000 - 0x00007ffd8cfa8000 	C:\Windows\system32\PSAPI.DLL
0x00007ffd88410000 - 0x00007ffd88419000 	C:\Windows\SYSTEM32\WSOCK32.dll
0x00007ffd897c0000 - 0x00007ffd897e3000 	C:\Windows\SYSTEM32\WINMM.dll
0x00007ffd85a00000 - 0x00007ffd85a0a000 	C:\Windows\SYSTEM32\VERSION.dll
0x00007ffd8ebd0000 - 0x00007ffd8ec3b000 	C:\Windows\system32\WS2_32.dll
0x00007ffd89760000 - 0x00007ffd8978c000 	C:\Windows\SYSTEM32\WINMMBASE.dll
0x00007ffd8b9d0000 - 0x00007ffd8ba13000 	C:\Windows\system32\cfgmgr32.dll
0x000000006a310000 - 0x000000006a31f000 	C:\Program Files\Java\jre1.8.0_91\bin\verify.dll
0x000000006a2e0000 - 0x000000006a309000 	C:\Program Files\Java\jre1.8.0_91\bin\java.dll
0x000000006a2c0000 - 0x000000006a2d6000 	C:\Program Files\Java\jre1.8.0_91\bin\zip.dll
0x00007ffd8d670000 - 0x00007ffd8ebcc000 	C:\Windows\system32\SHELL32.dll
0x00007ffd8bcc0000 - 0x00007ffd8c305000 	C:\Windows\system32\windows.storage.dll
0x00007ffd8cbf0000 - 0x00007ffd8cc42000 	C:\Windows\system32\shlwapi.dll
0x00007ffd8b7f0000 - 0x00007ffd8b7ff000 	C:\Windows\system32\kernel.appcore.dll
0x00007ffd8b910000 - 0x00007ffd8b9c5000 	C:\Windows\system32\shcore.dll
0x00007ffd8b7a0000 - 0x00007ffd8b7eb000 	C:\Windows\system32\powrprof.dll
0x00007ffd8b770000 - 0x00007ffd8b784000 	C:\Windows\system32\profapi.dll
0x00007ffd75f60000 - 0x00007ffd75fe9000 	C:\Users\klein\Desktop\CGA2Billboards\CGA2JavaBillboards\libs\LWJGL\native\lwjgl.dll
0x00007ffd8b210000 - 0x00007ffd8b21b000 	C:\Windows\SYSTEM32\CRYPTBASE.DLL
0x00007ffd724f0000 - 0x00007ffd72531000 	C:\Users\klein\Desktop\CGA2Billboards\CGA2JavaBillboards\libs\LWJGL\native\jemalloc.dll
0x00007ffd780e0000 - 0x00007ffd78118000 	C:\Users\klein\Desktop\CGA2Billboards\CGA2JavaBillboards\libs\LWJGL\native\glfw.dll
0x00007ffd89fa0000 - 0x00007ffd8a036000 	C:\Windows\system32\uxtheme.dll
0x00007ffd893f0000 - 0x00007ffd89412000 	C:\Windows\SYSTEM32\dwmapi.dll
0x00007ffd78fa0000 - 0x00007ffd790c9000 	C:\Windows\SYSTEM32\opengl32.dll
0x00007ffd7bc40000 - 0x00007ffd7bc6e000 	C:\Windows\SYSTEM32\GLU32.dll
0x00007ffd78510000 - 0x00007ffd7860a000 	C:\Windows\SYSTEM32\DDRAW.dll
0x00007ffd84e60000 - 0x00007ffd84e68000 	C:\Windows\SYSTEM32\DCIMAN32.dll
0x00007ffd8ce40000 - 0x00007ffd8cf9a000 	C:\Windows\system32\MSCTF.dll
0x00007ffd4e9e0000 - 0x00007ffd4f6d5000 	C:\Windows\SYSTEM32\ig9icd64.dll
0x00007ffd895c0000 - 0x00007ffd895d3000 	C:\Windows\SYSTEM32\WTSAPI32.dll
0x00007ffd85f00000 - 0x00007ffd86d72000 	C:\Windows\SYSTEM32\igc64.dll
0x00007ffd87430000 - 0x00007ffd875bc000 	C:\Windows\SYSTEM32\dbghelp.dll

VM Arguments:
jvm_args: -Djava.library.path=C:\Users\klein\Desktop\CGA2Billboards\CGA2JavaBillboards\libs\LWJGL\native -Dfile.encoding=Cp1252 
java_command: de.sebastiankings.renderengine.MainGameLoop
java_class_path (initial): C:\Users\klein\Desktop\CGA2Billboards\CGA2JavaBillboards\bin;C:\Users\klein\Desktop\CGA2Billboards\CGA2JavaBillboards\libs\JOML\joml-1.6.1-20150920.093049-3.jar;C:\Users\klein\Desktop\CGA2Billboards\CGA2JavaBillboards\libs\log4j\log4j-1.2.17.jar;C:\Users\klein\Desktop\CGA2Billboards\CGA2JavaBillboards\libs\LWJGL\jar\lwjgl.jar;C:\Users\klein\Desktop\CGA2Billboards\CGA2JavaBillboards\libs\PNGDecoder\PNGDecoder.jar
Launcher Type: SUN_STANDARD

Environment Variables:
PATH=C:/Program Files/Java/jre1.8.0_91/bin/server;C:/Program Files/Java/jre1.8.0_91/bin;C:/Program Files/Java/jre1.8.0_91/lib/amd64;C:\ProgramData\Oracle\Java\javapath;C:\Program Files (x86)\Intel\iCLS Client\;C:\Program Files\Intel\iCLS Client\;C:\Windows\system32;C:\Windows;C:\Windows\System32\Wbem;C:\Windows\System32\WindowsPowerShell\v1.0\;C:\Program Files (x86)\Intel\Intel(R) Management Engine Components\DAL;C:\Program Files\Intel\Intel(R) Management Engine Components\DAL;C:\Program Files (x86)\Intel\Intel(R) Management Engine Components\IPT;C:\Program Files\Intel\Intel(R) Management Engine Components\IPT;C:\Program Files (x86)\NVIDIA Corporation\PhysX\Common;C:\Program Files\Git\cmd;C:\Users\klein\Desktop;
USERNAME=klein
OS=Windows_NT
PROCESSOR_IDENTIFIER=Intel64 Family 6 Model 78 Stepping 3, GenuineIntel



---------------  S Y S T E M  ---------------

OS: Windows 10.0 , 64 bit Build 10586 (10.0.10586.0)

CPU:total 4 (2 cores per cpu, 2 threads per core) family 6 model 78 stepping 3, cmov, cx8, fxsr, mmx, sse, sse2, sse3, ssse3, sse4.1, sse4.2, popcnt, avx, avx2, aes, clmul, erms, 3dnowpref, lzcnt, ht, tsc, tscinvbit, bmi1, bmi2, adx

Memory: 4k page, physical 8249472k(4575096k free), swap 10215552k(5881940k free)

vm_info: Java HotSpot(TM) 64-Bit Server VM (25.91-b15) for windows-amd64 JRE (1.8.0_91-b15), built on May 20 2016 17:43:15 by "java_re" with MS VC++ 10.0 (VS2010)

time: Tue Jul 19 13:12:12 2016
elapsed time: 0 seconds (0d 0h 0m 0s)

